
<!DOCTYPE HTML>

<html lang="en">

<head>
  <meta charset="utf-8">
  <title>Internals&#58; Multivariate Statistics Examples - PostgreSQL 10 - W3cubDocs</title>
  
  <meta name="description" content=" Multivariate correlation can be demonstrated with a very simple data set — a table with two columns, both containing the same values&#58; ">
  <meta name="keywords" content="multivariate, statistics, examples, internals, -, postgresql, postgresql~10">
  <meta name="HandheldFriendly" content="True">
  <meta name="MobileOptimized" content="320">
  <meta name="viewport" content="width=device-width, initial-scale=1">
  <meta name="mobile-web-app-capable" content="yes">
  
  <link rel="canonical" href="http://docs.w3cub.com/postgresql~10/multivariate-statistics-examples/">
  <link href="/favicon.png" rel="icon">
  <link rel="stylesheet" type="text/css" href="/assets/application-6cc8ff3c95d062e2cd87636799240e79e4553263ad7de9cda9464063203db436.css" integrity="sha256-bMj/PJXQYuLNh2NnmSQOeeRVMmOtfenNqUZAYyA9tDY=" crossorigin="anonymous">
  <script type="text/javascript" integrity="sha256-JOOcjTvTbt5QE9AmOH1rrXz8aKKfHMsOthbsjt9CNfk=" crossorigin="anonymous" src="/assets/application-24e39c8d3bd36ede5013d026387d6bad7cfc68a29f1ccb0eb616ec8edf4235f9.js"></script>
  <script src="/json/postgresql~10.js"></script>
  
  <script type="text/javascript">
    var _gaq = _gaq || [];
    _gaq.push(['_setAccount', 'UA-71174418-1']);
    _gaq.push(['_trackPageview']);

    (function() {
      var ga = document.createElement('script'); ga.type = 'text/javascript'; ga.async = true;
      ga.src = ('https:' == document.location.protocol ? 'https://ssl' : 'http://www') + '.google-analytics.com/ga.js';
      var s = document.getElementsByTagName('script')[0]; s.parentNode.insertBefore(ga, s);
    })();
  </script>


</head>

<body>
	<div class="_app">
	<header class="_header">
  
  <form class="_search">
    <input type="search" class="_search-input" placeholder="Search&hellip;" autocomplete="off" autocapitalize="off" autocorrect="off" spellcheck="false" maxlength="20">
    <a class="_search-clear"></a>
    <div class="_search-tag"></div>
  </form>
  
  <a class="_home-link" href="/" ></a>
  <a class="_menu-link"></a>
  <h1 class="_logo">
    <a href="/" class="_nav-link" title="API Documentation Browser">W3cubDocs</a>
  </h1>
  
  <span class="_logo-sub-nav">/</span><span class="_logo-sub-nav"><a href="/postgresql~10/" class="_nav-link" title="" style="margin-left:0;">PostgreSQL 10</a></span>
  
  <nav class="_nav">
    <a href="/app/" class="_nav-link ">App</a>
    <a href="/about/" class="_nav-link ">About</a>
  </nav>
</header>
	<section class="_sidebar">
		<div class="_list">
			
		</div>
	</section>
	<section class="_container ">
		<div class="_content">
			<div class="_page _postgres">
				<script async src="//pagead2.googlesyndication.com/pagead/js/adsbygoogle.js"></script>
<!-- 文档开头内嵌 -->
<ins class="adsbygoogle"
     style="display:block"
     data-ad-client="ca-pub-2572770204602497"
     data-ad-slot="8852552735"
     data-ad-format="auto"
     data-full-width-responsive="true"></ins>
<script>
(adsbygoogle = window.adsbygoogle || []).push({});
</script>
				
<h1>68.2. Multivariate Statistics Examples</h1>    <div class="toc"> <dl class="toc"> <dt><a href="../multivariate-statistics-examples/#id-1.10.21.5.3">68.2.1. Functional Dependencies</a></dt> <dt><a href="../multivariate-statistics-examples/#id-1.10.21.5.4">68.2.2. Multivariate N-Distinct Counts</a></dt> </dl> </div>  <div class="sect2" id="id-1.10.21.5.3">    <h2 class="title">68.2.1. Functional Dependencies</h2>    <p>Multivariate correlation can be demonstrated with a very simple data set — a table with two columns, both containing the same values:</p> <pre data-language="sql">CREATE TABLE t (a INT, b INT);
INSERT INTO t SELECT i % 100, i % 100 FROM generate_series(1, 10000) s(i);
ANALYZE t;</pre> <p>As explained in <a class="xref" href="../planner-stats/" title="14.2. Statistics Used by the Planner">Section 14.2</a>, the planner can determine cardinality of <code class="structname">t</code> using the number of pages and rows obtained from <code class="structname">pg_class</code>:</p> <pre data-language="sql">
SELECT relpages, reltuples FROM pg_class WHERE relname = 't';

 relpages | reltuples
----------+-----------
       45 |     10000</pre> <p>The data distribution is very simple; there are only 100 distinct values in each column, uniformly distributed.</p> <p>The following example shows the result of estimating a <code class="literal">WHERE</code> condition on the <code class="structfield">a</code> column:</p> <pre data-language="sql">
EXPLAIN (ANALYZE, TIMING OFF) SELECT * FROM t WHERE a = 1;
                                 QUERY PLAN                                  
-------------------------------------------------------------------------------
 Seq Scan on t  (cost=0.00..170.00 rows=100 width=8) (actual rows=100 loops=1)
   Filter: (a = 1)
   Rows Removed by Filter: 9900</pre> <p>The planner examines the condition and determines the selectivity of this clause to be 1%. By comparing this estimate and the actual number of rows, we see that the estimate is very accurate (in fact exact, as the table is very small). Changing the <code class="literal">WHERE</code> condition to use the <code class="structfield">b</code> column, an identical plan is generated. But observe what happens if we apply the same condition on both columns, combining them with <code class="literal">AND</code>:</p> <pre data-language="sql">
EXPLAIN (ANALYZE, TIMING OFF) SELECT * FROM t WHERE a = 1 AND b = 1;
                                 QUERY PLAN                                  
-----------------------------------------------------------------------------
 Seq Scan on t  (cost=0.00..195.00 rows=1 width=8) (actual rows=100 loops=1)
   Filter: ((a = 1) AND (b = 1))
   Rows Removed by Filter: 9900</pre> <p>The planner estimates the selectivity for each condition individually, arriving at the same 1% estimates as above. Then it assumes that the conditions are independent, and so it multiplies their selectivities, producing a final selectivity estimate of just 0.01%. This is a significant underestimate, as the actual number of rows matching the conditions (100) is two orders of magnitude higher.</p> <p>This problem can be fixed by creating a statistics object that directs <code class="command">ANALYZE</code> to calculate functional-dependency multivariate statistics on the two columns:</p> <pre data-language="sql">
CREATE STATISTICS stts (dependencies) ON a, b FROM t;
ANALYZE t;
EXPLAIN (ANALYZE, TIMING OFF) SELECT * FROM t WHERE a = 1 AND b = 1;
                                  QUERY PLAN                                   
-------------------------------------------------------------------------------
 Seq Scan on t  (cost=0.00..195.00 rows=100 width=8) (actual rows=100 loops=1)
   Filter: ((a = 1) AND (b = 1))
   Rows Removed by Filter: 9900</pre>
</div> <div class="sect2" id="id-1.10.21.5.4">    <h2 class="title">68.2.2. Multivariate N-Distinct Counts</h2>    <p>A similar problem occurs with estimation of the cardinality of sets of multiple columns, such as the number of groups that would be generated by a <code class="command">GROUP BY</code> clause. When <code class="command">GROUP BY</code> lists a single column, the n-distinct estimate (which is visible as the estimated number of rows returned by the HashAggregate node) is very accurate:</p> <pre data-language="sql">
EXPLAIN (ANALYZE, TIMING OFF) SELECT COUNT(*) FROM t GROUP BY a;
                                       QUERY PLAN                                        
-----------------------------------------------------------------------------------------
 HashAggregate  (cost=195.00..196.00 rows=100 width=12) (actual rows=100 loops=1)
   Group Key: a
   -&gt;  Seq Scan on t  (cost=0.00..145.00 rows=10000 width=4) (actual rows=10000 loops=1)</pre> <p>But without multivariate statistics, the estimate for the number of groups in a query with two columns in <code class="command">GROUP BY</code>, as in the following example, is off by an order of magnitude:</p> <pre data-language="sql">
EXPLAIN (ANALYZE, TIMING OFF) SELECT COUNT(*) FROM t GROUP BY a, b;
                                       QUERY PLAN                                        
--------------------------------------------------------------------------------------------
 HashAggregate  (cost=220.00..230.00 rows=1000 width=16) (actual rows=100 loops=1)
   Group Key: a, b
   -&gt;  Seq Scan on t  (cost=0.00..145.00 rows=10000 width=8) (actual rows=10000 loops=1)</pre> <p>By redefining the statistics object to include n-distinct counts for the two columns, the estimate is much improved:</p> <pre data-language="sql">DROP STATISTICS stts;
CREATE STATISTICS stts (dependencies, ndistinct) ON a, b FROM t;
ANALYZE t;
EXPLAIN (ANALYZE, TIMING OFF) SELECT COUNT(*) FROM t GROUP BY a, b;
                                       QUERY PLAN                                        
--------------------------------------------------------------------------------------------
 HashAggregate  (cost=220.00..221.00 rows=100 width=16) (actual rows=100 loops=1)
   Group Key: a, b
   -&gt;  Seq Scan on t  (cost=0.00..145.00 rows=10000 width=8) (actual rows=10000 loops=1)</pre>
</div>  <div class="navfooter">  <table summary="Navigation footer"> <tr> <td width="40%" align="left">
<a accesskey="p" href="../row-estimation-examples/">Prev</a> </td> <td width="20%" align="center"><a accesskey="u" href="https://www.postgresql.org/docs/10/static/planner-stats-details.html" target="_blank">Up</a></td> <td width="40%" align="right"> <a accesskey="n" href="../planner-stats-security/">Next</a>
</td> </tr> <tr> <td width="40%" align="left">68.1. Row Estimation Examples </td> <td width="20%" align="center"><a accesskey="h" href="https://www.postgresql.org/docs/10/static/index.html" target="_blank">Home</a></td> <td width="40%" align="right"> 68.3. Planner Statistics and Security</td> </tr> </table> </div>
<div class="_attribution">
  <p class="_attribution-p">
    © 1996–2018 The PostgreSQL Global Development Group<br>Licensed under the PostgreSQL License.<br>
    <a href="https://www.postgresql.org/docs/10/static/multivariate-statistics-examples.html" class="_attribution-link" target="_blank">https://www.postgresql.org/docs/10/static/multivariate-statistics-examples.html</a>
  </p>
</div>

				<script async src="//pagead2.googlesyndication.com/pagead/js/adsbygoogle.js"></script>
<!-- 文档结尾内嵌 -->
<ins class="adsbygoogle"
    style="display:block"
    data-ad-client="ca-pub-2572770204602497"
    data-ad-slot="5446239318"
    data-ad-format="auto"
    data-full-width-responsive="true"></ins>
<script>
(adsbygoogle = window.adsbygoogle || []).push({});
</script>
			</div>
		</div>
	</section>

	</div>
	<svg style="display:none">
		<symbol id="icon-dir"><svg viewBox="0 0 20 20"><path d="M15 10c0 .3-.305.515-.305.515l-8.56 5.303c-.625.41-1.135.106-1.135-.67V4.853c0-.777.51-1.078 1.135-.67l8.56 5.305S15 9.702 15 10z"/></svg></symbol>
	  </svg>
</body>
</html>
